\BOOKMARK [0][-]{section*.1}{Sadr\236aj}{}% 1
\BOOKMARK [1][-]{section.0.1}{Problem grupiranja podataka}{section*.1}% 2
\BOOKMARK [1][-]{section.0.2}{Primjena}{section*.1}% 3
\BOOKMARK [1][-]{section.0.3}{Pregled rada}{section*.1}% 4
\BOOKMARK [0][-]{chapter.1}{Modeliranje problema grupiranja}{}% 5
\BOOKMARK [1][-]{section.1.1}{Osnovni pojmovi}{chapter.1}% 6
\BOOKMARK [1][-]{section.1.2}{Matematicko modeliranje problema}{chapter.1}% 7
\BOOKMARK [1][-]{section.1.3}{Metode razvoja algoritama za grupiranje}{chapter.1}% 8
\BOOKMARK [1][-]{section.1.4}{Upravljanje podacima}{chapter.1}% 9
\BOOKMARK [0][-]{chapter.2}{Meta-heuristicki pristup problemu}{}% 10
\BOOKMARK [1][-]{section.2.1}{Prirodom inspirirani algoritmi}{chapter.2}% 11
\BOOKMARK [1][-]{section.2.2}{Reprezentacija podataka}{chapter.2}% 12
\BOOKMARK [1][-]{section.2.3}{Analiza rezultata}{chapter.2}% 13
\BOOKMARK [0][-]{chapter.3}{Poznati algoritmi i analiza}{}% 14
\BOOKMARK [1][-]{section.3.1}{Alg 1}{chapter.3}% 15
\BOOKMARK [1][-]{section.3.2}{Alg 2}{chapter.3}% 16
\BOOKMARK [1][-]{section.3.3}{Alg 3}{chapter.3}% 17
\BOOKMARK [0][-]{chapter.4}{Tehnike za paralelizaciju algoritama}{}% 18
\BOOKMARK [1][-]{section.4.1}{Osnovni pojmovi MPI tehnologije}{chapter.4}% 19
\BOOKMARK [1][-]{section.4.2}{Topologija}{chapter.4}% 20
\BOOKMARK [1][-]{section.4.3}{Prednosti paralelizacije i cijena komunikacije}{chapter.4}% 21
\BOOKMARK [0][-]{chapter.5}{Konstrukcija paralelnih heuristickih algoritama za grupiranje}{}% 22
\BOOKMARK [1][-]{section.5.1}{Algoritam 1}{chapter.5}% 23
\BOOKMARK [1][-]{section.5.2}{Algoritam 2}{chapter.5}% 24
\BOOKMARK [1][-]{section.5.3}{Algoritam 3}{chapter.5}% 25
\BOOKMARK [0][-]{chapter.6}{Ostale moderne metode}{}% 26
\BOOKMARK [1][-]{section.6.1}{Programiranje na grafickim karticama}{chapter.6}% 27
\BOOKMARK [1][-]{section.6.2}{MapReduce metoda}{chapter.6}% 28
\BOOKMARK [0][-]{chapter*.9}{Bibliografija}{}% 29
